[0.023s] Invoking command in '/root/ros2_ws/build/ultrasonic_control': CMAKE_PREFIX_PATH=/root/ros2_ws/install/mqtt_bridge:/root/ros2_ws/install/mg400_msgs:/root/ros2_ws/install/ultrasonic_control:/root/ros2_ws/install/sllidar_ros2:/root/ros2_ws/install/p9n:/root/ros2_ws/install/p9n_test:/root/ros2_ws/install/p9n_node:/root/ros2_ws/install/p9n_example:/root/ros2_ws/install/mg400:/root/ros2_ws/install/mg400_joy:/root/ros2_ws/install/p9n_interface:/root/ros2_ws/install/mg400_rviz_plugin:/root/ros2_ws/install/mg400_node:/root/ros2_ws/install/mg400_plugin:/root/ros2_ws/install/mg400_plugin_base:/root/ros2_ws/install/mg400_interface:/root/ros2_ws/install/mg400_description:/root/ros2_ws/install/mg400_common:/root/ros2_ws/install/p9n_bringup:/root/ros2_ws/install/mg400_bringup:/root/ros2_ws/install/integration_package:/opt/ros/humble LD_LIBRARY_PATH=/root/ros2_ws/install/mg400_msgs/lib:/root/ros2_ws/install/p9n_test/lib:/root/ros2_ws/install/p9n_node/lib:/root/ros2_ws/install/p9n_example/lib:/root/ros2_ws/install/mg400_joy/lib:/root/ros2_ws/install/p9n_interface/lib:/root/ros2_ws/install/mg400_rviz_plugin/lib:/root/ros2_ws/install/mg400_node/lib:/root/ros2_ws/install/mg400_plugin/lib:/root/ros2_ws/install/mg400_interface/lib:/root/ros2_ws/install/mg400_common/lib:/opt/ros/humble/opt/rviz_ogre_vendor/lib:/opt/ros/humble/lib/aarch64-linux-gnu:/opt/ros/humble/lib /usr/bin/cmake /root/ros2_ws/src/ultrasonic_control -DCMAKE_INSTALL_PREFIX=/root/ros2_ws/install/ultrasonic_control
[0.131s] -- The C compiler identification is GNU 11.4.0
[0.229s] -- The CXX compiler identification is GNU 11.4.0
[0.240s] -- Detecting C compiler ABI info
[0.372s] -- Detecting C compiler ABI info - done
[0.383s] -- Check for working C compiler: /usr/bin/cc - skipped
[0.383s] -- Detecting C compile features
[0.384s] -- Detecting C compile features - done
[0.388s] -- Detecting CXX compiler ABI info
[0.538s] -- Detecting CXX compiler ABI info - done
[0.549s] -- Check for working CXX compiler: /usr/bin/c++ - skipped
[0.549s] -- Detecting CXX compile features
[0.550s] -- Detecting CXX compile features - done
[0.556s] -- Found ament_cmake: 1.3.11 (/opt/ros/humble/share/ament_cmake/cmake)
[0.818s] -- Found Python3: /usr/bin/python3 (found version "3.10.12") found components: Interpreter 
[1.006s] -- Found rclcpp: 16.0.11 (/opt/ros/humble/share/rclcpp/cmake)
[1.096s] -- Found rosidl_generator_c: 3.1.6 (/opt/ros/humble/share/rosidl_generator_c/cmake)
[1.110s] -- Found rosidl_adapter: 3.1.6 (/opt/ros/humble/share/rosidl_adapter/cmake)
[1.129s] -- Found rosidl_generator_cpp: 3.1.6 (/opt/ros/humble/share/rosidl_generator_cpp/cmake)
[1.153s] -- Using all available rosidl_typesupport_c: rosidl_typesupport_fastrtps_c;rosidl_typesupport_introspection_c
[1.185s] -- Using all available rosidl_typesupport_cpp: rosidl_typesupport_fastrtps_cpp;rosidl_typesupport_introspection_cpp
[1.275s] -- Found rmw_implementation_cmake: 6.1.2 (/opt/ros/humble/share/rmw_implementation_cmake/cmake)
[1.283s] -- Found rmw_fastrtps_cpp: 6.2.7 (/opt/ros/humble/share/rmw_fastrtps_cpp/cmake)
[1.465s] -- Found OpenSSL: /usr/lib/aarch64-linux-gnu/libcrypto.so (found version "3.0.2")  
[1.515s] -- Found FastRTPS: /opt/ros/humble/include  
[1.592s] -- Using RMW implementation 'rmw_fastrtps_cpp' as default
[1.615s] -- Looking for pthread.h
[1.758s] -- Looking for pthread.h - found
[1.758s] -- Performing Test CMAKE_HAVE_LIBC_PTHREAD
[1.899s] -- Performing Test CMAKE_HAVE_LIBC_PTHREAD - Success
[1.901s] -- Found Threads: TRUE  
[1.987s] -- Found mg400_msgs: 1.3.3 (/root/ros2_ws/install/mg400_msgs/share/mg400_msgs/cmake)
[2.094s] -- Found std_srvs: 4.2.4 (/opt/ros/humble/share/std_srvs/cmake)
[2.107s] -- Found mqtt_bridge: 0.0.1 (/root/ros2_ws/install/mqtt_bridge/share/mqtt_bridge/cmake)
[2.219s] -- Configuring done
[2.237s] -- Generating done
[2.242s] -- Build files have been written to: /root/ros2_ws/build/ultrasonic_control
[2.259s] Invoked command in '/root/ros2_ws/build/ultrasonic_control' returned '0': CMAKE_PREFIX_PATH=/root/ros2_ws/install/mqtt_bridge:/root/ros2_ws/install/mg400_msgs:/root/ros2_ws/install/ultrasonic_control:/root/ros2_ws/install/sllidar_ros2:/root/ros2_ws/install/p9n:/root/ros2_ws/install/p9n_test:/root/ros2_ws/install/p9n_node:/root/ros2_ws/install/p9n_example:/root/ros2_ws/install/mg400:/root/ros2_ws/install/mg400_joy:/root/ros2_ws/install/p9n_interface:/root/ros2_ws/install/mg400_rviz_plugin:/root/ros2_ws/install/mg400_node:/root/ros2_ws/install/mg400_plugin:/root/ros2_ws/install/mg400_plugin_base:/root/ros2_ws/install/mg400_interface:/root/ros2_ws/install/mg400_description:/root/ros2_ws/install/mg400_common:/root/ros2_ws/install/p9n_bringup:/root/ros2_ws/install/mg400_bringup:/root/ros2_ws/install/integration_package:/opt/ros/humble LD_LIBRARY_PATH=/root/ros2_ws/install/mg400_msgs/lib:/root/ros2_ws/install/p9n_test/lib:/root/ros2_ws/install/p9n_node/lib:/root/ros2_ws/install/p9n_example/lib:/root/ros2_ws/install/mg400_joy/lib:/root/ros2_ws/install/p9n_interface/lib:/root/ros2_ws/install/mg400_rviz_plugin/lib:/root/ros2_ws/install/mg400_node/lib:/root/ros2_ws/install/mg400_plugin/lib:/root/ros2_ws/install/mg400_interface/lib:/root/ros2_ws/install/mg400_common/lib:/opt/ros/humble/opt/rviz_ogre_vendor/lib:/opt/ros/humble/lib/aarch64-linux-gnu:/opt/ros/humble/lib /usr/bin/cmake /root/ros2_ws/src/ultrasonic_control -DCMAKE_INSTALL_PREFIX=/root/ros2_ws/install/ultrasonic_control
[2.263s] Invoking command in '/root/ros2_ws/build/ultrasonic_control': CMAKE_PREFIX_PATH=/root/ros2_ws/install/mqtt_bridge:/root/ros2_ws/install/mg400_msgs:/root/ros2_ws/install/ultrasonic_control:/root/ros2_ws/install/sllidar_ros2:/root/ros2_ws/install/p9n:/root/ros2_ws/install/p9n_test:/root/ros2_ws/install/p9n_node:/root/ros2_ws/install/p9n_example:/root/ros2_ws/install/mg400:/root/ros2_ws/install/mg400_joy:/root/ros2_ws/install/p9n_interface:/root/ros2_ws/install/mg400_rviz_plugin:/root/ros2_ws/install/mg400_node:/root/ros2_ws/install/mg400_plugin:/root/ros2_ws/install/mg400_plugin_base:/root/ros2_ws/install/mg400_interface:/root/ros2_ws/install/mg400_description:/root/ros2_ws/install/mg400_common:/root/ros2_ws/install/p9n_bringup:/root/ros2_ws/install/mg400_bringup:/root/ros2_ws/install/integration_package:/opt/ros/humble LD_LIBRARY_PATH=/root/ros2_ws/install/mg400_msgs/lib:/root/ros2_ws/install/p9n_test/lib:/root/ros2_ws/install/p9n_node/lib:/root/ros2_ws/install/p9n_example/lib:/root/ros2_ws/install/mg400_joy/lib:/root/ros2_ws/install/p9n_interface/lib:/root/ros2_ws/install/mg400_rviz_plugin/lib:/root/ros2_ws/install/mg400_node/lib:/root/ros2_ws/install/mg400_plugin/lib:/root/ros2_ws/install/mg400_interface/lib:/root/ros2_ws/install/mg400_common/lib:/opt/ros/humble/opt/rviz_ogre_vendor/lib:/opt/ros/humble/lib/aarch64-linux-gnu:/opt/ros/humble/lib /usr/bin/cmake --build /root/ros2_ws/build/ultrasonic_control -- -j4 -l4
[2.365s] [ 50%] [32mBuilding CXX object CMakeFiles/ultrasonic_control_node.dir/src/ultrasonic_control_node.cpp.o[0m
[6.276s] [01m[K/root/ros2_ws/src/ultrasonic_control/src/ultrasonic_control_node.cpp:[m[K In member function â€˜[01m[Kvoid ultrasonic_control::UltrasonicControlNode::enable_robot()[m[Kâ€™:
[6.277s] [01m[K/root/ros2_ws/src/ultrasonic_control/src/ultrasonic_control_node.cpp:122:12:[m[K [01;31m[Kerror: [m[Kâ€˜[01m[Kstruct rclcpp::Client<mg400_msgs::srv::EnableRobot>::FutureAndRequestId[m[Kâ€™ has no member named â€˜[01m[Kthen[m[Kâ€™
[6.277s]   122 |     future.[01;31m[Kthen[m[K([this](auto f) {
[6.277s]       |            [01;31m[K^~~~[m[K
[6.280s] [01m[K/root/ros2_ws/src/ultrasonic_control/src/ultrasonic_control_node.cpp:[m[K In member function â€˜[01m[Kvoid ultrasonic_control::UltrasonicControlNode::disable_robot()[m[Kâ€™:
[6.281s] [01m[K/root/ros2_ws/src/ultrasonic_control/src/ultrasonic_control_node.cpp:142:12:[m[K [01;31m[Kerror: [m[Kâ€˜[01m[Kstruct rclcpp::Client<mg400_msgs::srv::DisableRobot>::FutureAndRequestId[m[Kâ€™ has no member named â€˜[01m[Kthen[m[Kâ€™
[6.281s]   142 |     future.[01;31m[Kthen[m[K([this](auto f) {
[6.281s]       |            [01;31m[K^~~~[m[K
[11.496s] gmake[2]: *** [CMakeFiles/ultrasonic_control_node.dir/build.make:76: CMakeFiles/ultrasonic_control_node.dir/src/ultrasonic_control_node.cpp.o] Error 1
[11.496s] gmake[1]: *** [CMakeFiles/Makefile2:137: CMakeFiles/ultrasonic_control_node.dir/all] Error 2
[11.496s] gmake: *** [Makefile:146: all] Error 2
[11.500s] Invoked command in '/root/ros2_ws/build/ultrasonic_control' returned '2': CMAKE_PREFIX_PATH=/root/ros2_ws/install/mqtt_bridge:/root/ros2_ws/install/mg400_msgs:/root/ros2_ws/install/ultrasonic_control:/root/ros2_ws/install/sllidar_ros2:/root/ros2_ws/install/p9n:/root/ros2_ws/install/p9n_test:/root/ros2_ws/install/p9n_node:/root/ros2_ws/install/p9n_example:/root/ros2_ws/install/mg400:/root/ros2_ws/install/mg400_joy:/root/ros2_ws/install/p9n_interface:/root/ros2_ws/install/mg400_rviz_plugin:/root/ros2_ws/install/mg400_node:/root/ros2_ws/install/mg400_plugin:/root/ros2_ws/install/mg400_plugin_base:/root/ros2_ws/install/mg400_interface:/root/ros2_ws/install/mg400_description:/root/ros2_ws/install/mg400_common:/root/ros2_ws/install/p9n_bringup:/root/ros2_ws/install/mg400_bringup:/root/ros2_ws/install/integration_package:/opt/ros/humble LD_LIBRARY_PATH=/root/ros2_ws/install/mg400_msgs/lib:/root/ros2_ws/install/p9n_test/lib:/root/ros2_ws/install/p9n_node/lib:/root/ros2_ws/install/p9n_example/lib:/root/ros2_ws/install/mg400_joy/lib:/root/ros2_ws/install/p9n_interface/lib:/root/ros2_ws/install/mg400_rviz_plugin/lib:/root/ros2_ws/install/mg400_node/lib:/root/ros2_ws/install/mg400_plugin/lib:/root/ros2_ws/install/mg400_interface/lib:/root/ros2_ws/install/mg400_common/lib:/opt/ros/humble/opt/rviz_ogre_vendor/lib:/opt/ros/humble/lib/aarch64-linux-gnu:/opt/ros/humble/lib /usr/bin/cmake --build /root/ros2_ws/build/ultrasonic_control -- -j4 -l4
