[ 50%] [32mBuilding CXX object CMakeFiles/ultrasonic_control_node.dir/src/ultrasonic_control_node.cpp.o[0m
[01m[K/root/ros2_ws/src/ultrasonic_control/src/ultrasonic_control_node.cpp:22:10:[m[K [01;31m[Kfatal error: [m[Kstd_msgs/msg/uint64.hpp: No such file or directory
   22 | #include [01;31m[K"std_msgs/msg/uint64.hpp"[m[K
      |          [01;31m[K^~~~~~~~~~~~~~~~~~~~~~~~~[m[K
compilation terminated.
gmake[2]: *** [CMakeFiles/ultrasonic_control_node.dir/build.make:76: CMakeFiles/ultrasonic_control_node.dir/src/ultrasonic_control_node.cpp.o] Error 1
gmake[1]: *** [CMakeFiles/Makefile2:137: CMakeFiles/ultrasonic_control_node.dir/all] Error 2
gmake: *** [Makefile:146: all] Error 2
