[0.027s] Invoking command in '/root/ros2_ws/build/ultrasonic_control': CMAKE_PREFIX_PATH=/root/ros2_ws/install/mqtt_bridge:/root/ros2_ws/install/mg400_msgs:/root/ros2_ws/install/ultrasonic_control:/root/ros2_ws/install/sllidar_ros2:/root/ros2_ws/install/p9n:/root/ros2_ws/install/p9n_test:/root/ros2_ws/install/p9n_node:/root/ros2_ws/install/p9n_example:/root/ros2_ws/install/mg400:/root/ros2_ws/install/mg400_joy:/root/ros2_ws/install/p9n_interface:/root/ros2_ws/install/mg400_rviz_plugin:/root/ros2_ws/install/mg400_node:/root/ros2_ws/install/mg400_plugin:/root/ros2_ws/install/mg400_plugin_base:/root/ros2_ws/install/mg400_interface:/root/ros2_ws/install/mg400_description:/root/ros2_ws/install/mg400_common:/root/ros2_ws/install/p9n_bringup:/root/ros2_ws/install/mg400_bringup:/root/ros2_ws/install/integration_package:/opt/ros/humble LD_LIBRARY_PATH=/root/ros2_ws/install/mg400_msgs/lib:/root/ros2_ws/install/p9n_test/lib:/root/ros2_ws/install/p9n_node/lib:/root/ros2_ws/install/p9n_example/lib:/root/ros2_ws/install/mg400_joy/lib:/root/ros2_ws/install/p9n_interface/lib:/root/ros2_ws/install/mg400_rviz_plugin/lib:/root/ros2_ws/install/mg400_node/lib:/root/ros2_ws/install/mg400_plugin/lib:/root/ros2_ws/install/mg400_interface/lib:/root/ros2_ws/install/mg400_common/lib:/opt/ros/humble/opt/rviz_ogre_vendor/lib:/opt/ros/humble/lib/aarch64-linux-gnu:/opt/ros/humble/lib /usr/bin/cmake --build /root/ros2_ws/build/ultrasonic_control -- -j4 -l4
[0.130s] [35m[1mConsolidate compiler generated dependencies of target ultrasonic_control_node[0m
[0.194s] [ 50%] [32mBuilding CXX object CMakeFiles/ultrasonic_control_node.dir/src/ultrasonic_control_node.cpp.o[0m
[5.377s] [01m[K/root/ros2_ws/src/ultrasonic_control/src/ultrasonic_control_node.cpp:[m[K In constructor â€˜[01m[Kultrasonic_control::UltrasonicControlNode::UltrasonicControlNode(const rclcpp::NodeOptions&)[m[Kâ€™:
[5.377s] [01m[K/root/ros2_ws/src/ultrasonic_control/src/ultrasonic_control_node.cpp:54:5:[m[K [01;31m[Kerror: [m[Kâ€˜[01m[Ksub_mode_[m[Kâ€™ was not declared in this scope
[5.377s]    54 |     [01;31m[Ksub_mode_[m[K = this->create_subs
[5.377s]       |     [01;31m[K^~~~~~~~~[m[K
[5.377s] [01m[K/root/ros2_ws/src/ultrasonic_control/src/ultrasonic_control_node.cpp:54:23:[m[K [01;31m[Kerror: [m[Kâ€˜[01m[Kclass ultrasonic_control::UltrasonicControlNode[m[Kâ€™ has no member named â€˜[01m[Kcreate_subs[m[Kâ€™; did you mean â€˜[01m[Kcreate_sub_node[m[Kâ€™?
[5.377s]    54 |     sub_mode_ = this->[01;31m[Kcreate_subs[m[K
[5.377s]       |                       [01;31m[K^~~~~~~~~~~[m[K
[5.378s]       |                       [32m[Kcreate_sub_node[m[K
[5.383s] [01m[K/root/ros2_ws/src/ultrasonic_control/src/ultrasonic_control_node.cpp:[m[K At global scope:
[5.383s] [01m[K/root/ros2_ws/src/ultrasonic_control/src/ultrasonic_control_node.cpp:81:70:[m[K [01;31m[Kerror: [m[Kâ€˜[01m[KUint64[m[Kâ€™ in namespace â€˜[01m[Kstd_msgs::msg[m[Kâ€™ does not name a type
[5.383s]    81 | void UltrasonicControlNode::robot_mode_callback(const std_msgs::msg::[01;31m[KUint64[m[K::SharedPtr msg) {
[5.384s]       |                                                                      [01;31m[K^~~~~~[m[K
[5.384s] [01m[K/root/ros2_ws/src/ultrasonic_control/src/ultrasonic_control_node.cpp:81:88:[m[K [01;31m[Kerror: [m[Kexpected unqualified-id before â€˜[01m[Kmsg[m[Kâ€™
[5.384s]    81 | void UltrasonicControlNode::robot_mode_callback(const std_msgs::msg::Uint64::SharedPtr [01;31m[Kmsg[m[K) {
[5.384s]       |                                                                                        [01;31m[K^~~[m[K
[5.384s] [01m[K/root/ros2_ws/src/ultrasonic_control/src/ultrasonic_control_node.cpp:81:87:[m[K [01;31m[Kerror: [m[Kexpected â€˜[01m[K)[m[Kâ€™ before â€˜[01m[Kmsg[m[Kâ€™
[5.384s]    81 | void UltrasonicControlNode::robot_mode_callback[34m[K([m[Kconst std_msgs::msg::Uint64::SharedPtr[01;31m[K [m[K[32m[Kmsg[m[K) {
[5.384s]       |                                                [34m[K~[m[K                                      [01;31m[K^[m[K[32m[K~~~[m[K
[5.384s]       |                                                                                       [32m[K)[m[K
[5.384s] [01m[K/root/ros2_ws/src/ultrasonic_control/src/ultrasonic_control_node.cpp:81:88:[m[K [01;31m[Kerror: [m[Kexpected initializer before â€˜[01m[Kmsg[m[Kâ€™
[5.384s]    81 | void UltrasonicControlNode::robot_mode_callback(const std_msgs::msg::Uint64::SharedPtr [01;31m[Kmsg[m[K) {
[5.384s]       |                                                                                        [01;31m[K^~~[m[K
[5.394s] [01m[K/root/ros2_ws/src/ultrasonic_control/src/ultrasonic_control_node.cpp:[m[K In member function â€˜[01m[Kvoid ultrasonic_control::UltrasonicControlNode::update_motion()[m[Kâ€™:
[5.394s] [01m[K/root/ros2_ws/src/ultrasonic_control/src/ultrasonic_control_node.cpp:87:9:[m[K [01;31m[Kerror: [m[Kâ€˜[01m[Krobot_mode[m[Kâ€™ was not declared in this scope
[5.394s]    87 |     if ([01;31m[Krobot_mode[m[K == 4 || robot_mode == 5) {
[5.394s]       |         [01;31m[K^~~~~~~~~~[m[K
[9.787s] gmake[2]: *** [CMakeFiles/ultrasonic_control_node.dir/build.make:76: CMakeFiles/ultrasonic_control_node.dir/src/ultrasonic_control_node.cpp.o] Error 1
[9.787s] gmake[1]: *** [CMakeFiles/Makefile2:137: CMakeFiles/ultrasonic_control_node.dir/all] Error 2
[9.787s] gmake: *** [Makefile:146: all] Error 2
[9.791s] Invoked command in '/root/ros2_ws/build/ultrasonic_control' returned '2': CMAKE_PREFIX_PATH=/root/ros2_ws/install/mqtt_bridge:/root/ros2_ws/install/mg400_msgs:/root/ros2_ws/install/ultrasonic_control:/root/ros2_ws/install/sllidar_ros2:/root/ros2_ws/install/p9n:/root/ros2_ws/install/p9n_test:/root/ros2_ws/install/p9n_node:/root/ros2_ws/install/p9n_example:/root/ros2_ws/install/mg400:/root/ros2_ws/install/mg400_joy:/root/ros2_ws/install/p9n_interface:/root/ros2_ws/install/mg400_rviz_plugin:/root/ros2_ws/install/mg400_node:/root/ros2_ws/install/mg400_plugin:/root/ros2_ws/install/mg400_plugin_base:/root/ros2_ws/install/mg400_interface:/root/ros2_ws/install/mg400_description:/root/ros2_ws/install/mg400_common:/root/ros2_ws/install/p9n_bringup:/root/ros2_ws/install/mg400_bringup:/root/ros2_ws/install/integration_package:/opt/ros/humble LD_LIBRARY_PATH=/root/ros2_ws/install/mg400_msgs/lib:/root/ros2_ws/install/p9n_test/lib:/root/ros2_ws/install/p9n_node/lib:/root/ros2_ws/install/p9n_example/lib:/root/ros2_ws/install/mg400_joy/lib:/root/ros2_ws/install/p9n_interface/lib:/root/ros2_ws/install/mg400_rviz_plugin/lib:/root/ros2_ws/install/mg400_node/lib:/root/ros2_ws/install/mg400_plugin/lib:/root/ros2_ws/install/mg400_interface/lib:/root/ros2_ws/install/mg400_common/lib:/opt/ros/humble/opt/rviz_ogre_vendor/lib:/opt/ros/humble/lib/aarch64-linux-gnu:/opt/ros/humble/lib /usr/bin/cmake --build /root/ros2_ws/build/ultrasonic_control -- -j4 -l4
