[0.024s] Invoking command in '/root/ros2_ws/build/ultrasonic_control': CMAKE_PREFIX_PATH=/root/ros2_ws/install/mqtt_bridge:/root/ros2_ws/install/mg400_msgs:/root/ros2_ws/install/ultrasonic_control:/root/ros2_ws/install/sllidar_ros2:/root/ros2_ws/install/p9n:/root/ros2_ws/install/p9n_test:/root/ros2_ws/install/p9n_node:/root/ros2_ws/install/p9n_example:/root/ros2_ws/install/mg400:/root/ros2_ws/install/mg400_joy:/root/ros2_ws/install/p9n_interface:/root/ros2_ws/install/mg400_rviz_plugin:/root/ros2_ws/install/mg400_node:/root/ros2_ws/install/mg400_plugin:/root/ros2_ws/install/mg400_plugin_base:/root/ros2_ws/install/mg400_interface:/root/ros2_ws/install/mg400_description:/root/ros2_ws/install/mg400_common:/root/ros2_ws/install/p9n_bringup:/root/ros2_ws/install/mg400_bringup:/root/ros2_ws/install/integration_package:/opt/ros/humble LD_LIBRARY_PATH=/root/ros2_ws/install/mg400_msgs/lib:/root/ros2_ws/install/p9n_test/lib:/root/ros2_ws/install/p9n_node/lib:/root/ros2_ws/install/p9n_example/lib:/root/ros2_ws/install/mg400_joy/lib:/root/ros2_ws/install/p9n_interface/lib:/root/ros2_ws/install/mg400_rviz_plugin/lib:/root/ros2_ws/install/mg400_node/lib:/root/ros2_ws/install/mg400_plugin/lib:/root/ros2_ws/install/mg400_interface/lib:/root/ros2_ws/install/mg400_common/lib:/opt/ros/humble/opt/rviz_ogre_vendor/lib:/opt/ros/humble/lib/aarch64-linux-gnu:/opt/ros/humble/lib /usr/bin/cmake /root/ros2_ws/src/ultrasonic_control -DCMAKE_INSTALL_PREFIX=/root/ros2_ws/install/ultrasonic_control
[0.133s] -- The C compiler identification is GNU 11.4.0
[0.230s] -- The CXX compiler identification is GNU 11.4.0
[0.241s] -- Detecting C compiler ABI info
[0.375s] -- Detecting C compiler ABI info - done
[0.384s] -- Check for working C compiler: /usr/bin/cc - skipped
[0.384s] -- Detecting C compile features
[0.385s] -- Detecting C compile features - done
[0.389s] -- Detecting CXX compiler ABI info
[0.547s] -- Detecting CXX compiler ABI info - done
[0.558s] -- Check for working CXX compiler: /usr/bin/c++ - skipped
[0.559s] -- Detecting CXX compile features
[0.560s] -- Detecting CXX compile features - done
[0.567s] -- Found ament_cmake: 1.3.11 (/opt/ros/humble/share/ament_cmake/cmake)
[0.823s] -- Found Python3: /usr/bin/python3 (found version "3.10.12") found components: Interpreter 
[1.007s] -- Found rclcpp: 16.0.11 (/opt/ros/humble/share/rclcpp/cmake)
[1.098s] -- Found rosidl_generator_c: 3.1.6 (/opt/ros/humble/share/rosidl_generator_c/cmake)
[1.112s] -- Found rosidl_adapter: 3.1.6 (/opt/ros/humble/share/rosidl_adapter/cmake)
[1.129s] -- Found rosidl_generator_cpp: 3.1.6 (/opt/ros/humble/share/rosidl_generator_cpp/cmake)
[1.154s] -- Using all available rosidl_typesupport_c: rosidl_typesupport_fastrtps_c;rosidl_typesupport_introspection_c
[1.187s] -- Using all available rosidl_typesupport_cpp: rosidl_typesupport_fastrtps_cpp;rosidl_typesupport_introspection_cpp
[1.280s] -- Found rmw_implementation_cmake: 6.1.2 (/opt/ros/humble/share/rmw_implementation_cmake/cmake)
[1.288s] -- Found rmw_fastrtps_cpp: 6.2.7 (/opt/ros/humble/share/rmw_fastrtps_cpp/cmake)
[1.472s] -- Found OpenSSL: /usr/lib/aarch64-linux-gnu/libcrypto.so (found version "3.0.2")  
[1.524s] -- Found FastRTPS: /opt/ros/humble/include  
[1.603s] -- Using RMW implementation 'rmw_fastrtps_cpp' as default
[1.626s] -- Looking for pthread.h
[1.763s] -- Looking for pthread.h - found
[1.764s] -- Performing Test CMAKE_HAVE_LIBC_PTHREAD
[1.909s] -- Performing Test CMAKE_HAVE_LIBC_PTHREAD - Success
[1.909s] -- Found Threads: TRUE  
[1.996s] -- Found mg400_msgs: 1.3.3 (/root/ros2_ws/install/mg400_msgs/share/mg400_msgs/cmake)
[2.103s] -- Found std_srvs: 4.2.4 (/opt/ros/humble/share/std_srvs/cmake)
[2.117s] -- Found mqtt_bridge: 0.0.1 (/root/ros2_ws/install/mqtt_bridge/share/mqtt_bridge/cmake)
[2.226s] -- Configuring done
[2.242s] -- Generating done
[2.249s] -- Build files have been written to: /root/ros2_ws/build/ultrasonic_control
[2.266s] Invoked command in '/root/ros2_ws/build/ultrasonic_control' returned '0': CMAKE_PREFIX_PATH=/root/ros2_ws/install/mqtt_bridge:/root/ros2_ws/install/mg400_msgs:/root/ros2_ws/install/ultrasonic_control:/root/ros2_ws/install/sllidar_ros2:/root/ros2_ws/install/p9n:/root/ros2_ws/install/p9n_test:/root/ros2_ws/install/p9n_node:/root/ros2_ws/install/p9n_example:/root/ros2_ws/install/mg400:/root/ros2_ws/install/mg400_joy:/root/ros2_ws/install/p9n_interface:/root/ros2_ws/install/mg400_rviz_plugin:/root/ros2_ws/install/mg400_node:/root/ros2_ws/install/mg400_plugin:/root/ros2_ws/install/mg400_plugin_base:/root/ros2_ws/install/mg400_interface:/root/ros2_ws/install/mg400_description:/root/ros2_ws/install/mg400_common:/root/ros2_ws/install/p9n_bringup:/root/ros2_ws/install/mg400_bringup:/root/ros2_ws/install/integration_package:/opt/ros/humble LD_LIBRARY_PATH=/root/ros2_ws/install/mg400_msgs/lib:/root/ros2_ws/install/p9n_test/lib:/root/ros2_ws/install/p9n_node/lib:/root/ros2_ws/install/p9n_example/lib:/root/ros2_ws/install/mg400_joy/lib:/root/ros2_ws/install/p9n_interface/lib:/root/ros2_ws/install/mg400_rviz_plugin/lib:/root/ros2_ws/install/mg400_node/lib:/root/ros2_ws/install/mg400_plugin/lib:/root/ros2_ws/install/mg400_interface/lib:/root/ros2_ws/install/mg400_common/lib:/opt/ros/humble/opt/rviz_ogre_vendor/lib:/opt/ros/humble/lib/aarch64-linux-gnu:/opt/ros/humble/lib /usr/bin/cmake /root/ros2_ws/src/ultrasonic_control -DCMAKE_INSTALL_PREFIX=/root/ros2_ws/install/ultrasonic_control
[2.270s] Invoking command in '/root/ros2_ws/build/ultrasonic_control': CMAKE_PREFIX_PATH=/root/ros2_ws/install/mqtt_bridge:/root/ros2_ws/install/mg400_msgs:/root/ros2_ws/install/ultrasonic_control:/root/ros2_ws/install/sllidar_ros2:/root/ros2_ws/install/p9n:/root/ros2_ws/install/p9n_test:/root/ros2_ws/install/p9n_node:/root/ros2_ws/install/p9n_example:/root/ros2_ws/install/mg400:/root/ros2_ws/install/mg400_joy:/root/ros2_ws/install/p9n_interface:/root/ros2_ws/install/mg400_rviz_plugin:/root/ros2_ws/install/mg400_node:/root/ros2_ws/install/mg400_plugin:/root/ros2_ws/install/mg400_plugin_base:/root/ros2_ws/install/mg400_interface:/root/ros2_ws/install/mg400_description:/root/ros2_ws/install/mg400_common:/root/ros2_ws/install/p9n_bringup:/root/ros2_ws/install/mg400_bringup:/root/ros2_ws/install/integration_package:/opt/ros/humble LD_LIBRARY_PATH=/root/ros2_ws/install/mg400_msgs/lib:/root/ros2_ws/install/p9n_test/lib:/root/ros2_ws/install/p9n_node/lib:/root/ros2_ws/install/p9n_example/lib:/root/ros2_ws/install/mg400_joy/lib:/root/ros2_ws/install/p9n_interface/lib:/root/ros2_ws/install/mg400_rviz_plugin/lib:/root/ros2_ws/install/mg400_node/lib:/root/ros2_ws/install/mg400_plugin/lib:/root/ros2_ws/install/mg400_interface/lib:/root/ros2_ws/install/mg400_common/lib:/opt/ros/humble/opt/rviz_ogre_vendor/lib:/opt/ros/humble/lib/aarch64-linux-gnu:/opt/ros/humble/lib /usr/bin/cmake --build /root/ros2_ws/build/ultrasonic_control -- -j4 -l4
[2.371s] [ 50%] [32mBuilding CXX object CMakeFiles/ultrasonic_control_node.dir/src/ultrasonic_control_node.cpp.o[0m
[6.275s] [01m[K/root/ros2_ws/src/ultrasonic_control/src/ultrasonic_control_node.cpp:[m[K In member function â€˜[01m[Kvoid ultrasonic_control::UltrasonicControlNode::enable_robot()[m[Kâ€™:
[6.276s] [01m[K/root/ros2_ws/src/ultrasonic_control/src/ultrasonic_control_node.cpp:155:19:[m[K [01;31m[Kerror: [m[Kâ€˜[01m[Kstruct rclcpp::Client<mg400_msgs::srv::EnableRobot>::FutureAndRequestId[m[Kâ€™ has no member named â€˜[01m[Kthen[m[Kâ€™
[6.276s]   155 |     future_result.[01;31m[Kthen[m[K([this](auto result) {
[6.276s]       |                   [01;31m[K^~~~[m[K
[6.277s] [01m[K/root/ros2_ws/src/ultrasonic_control/src/ultrasonic_control_node.cpp:[m[K At global scope:
[6.277s] [01m[K/root/ros2_ws/src/ultrasonic_control/src/ultrasonic_control_node.cpp:166:6:[m[K [01;31m[Kerror: [m[Kredefinition of â€˜[01m[Kvoid ultrasonic_control::UltrasonicControlNode::enable_robot()[m[Kâ€™
[6.277s]   166 | void [01;31m[KUltrasonicControlNode[m[K::enable_robot() {
[6.277s]       |      [01;31m[K^~~~~~~~~~~~~~~~~~~~~[m[K
[6.277s] [01m[K/root/ros2_ws/src/ultrasonic_control/src/ultrasonic_control_node.cpp:147:6:[m[K [01;36m[Knote: [m[Kâ€˜[01m[Kvoid ultrasonic_control::UltrasonicControlNode::enable_robot()[m[Kâ€™ previously defined here
[6.277s]   147 | void [01;36m[KUltrasonicControlNode[m[K::enable_robot() {
[6.277s]       |      [01;36m[K^~~~~~~~~~~~~~~~~~~~~[m[K
[11.598s] gmake[2]: *** [CMakeFiles/ultrasonic_control_node.dir/build.make:76: CMakeFiles/ultrasonic_control_node.dir/src/ultrasonic_control_node.cpp.o] Error 1
[11.598s] gmake[1]: *** [CMakeFiles/Makefile2:137: CMakeFiles/ultrasonic_control_node.dir/all] Error 2
[11.598s] gmake: *** [Makefile:146: all] Error 2
[11.602s] Invoked command in '/root/ros2_ws/build/ultrasonic_control' returned '2': CMAKE_PREFIX_PATH=/root/ros2_ws/install/mqtt_bridge:/root/ros2_ws/install/mg400_msgs:/root/ros2_ws/install/ultrasonic_control:/root/ros2_ws/install/sllidar_ros2:/root/ros2_ws/install/p9n:/root/ros2_ws/install/p9n_test:/root/ros2_ws/install/p9n_node:/root/ros2_ws/install/p9n_example:/root/ros2_ws/install/mg400:/root/ros2_ws/install/mg400_joy:/root/ros2_ws/install/p9n_interface:/root/ros2_ws/install/mg400_rviz_plugin:/root/ros2_ws/install/mg400_node:/root/ros2_ws/install/mg400_plugin:/root/ros2_ws/install/mg400_plugin_base:/root/ros2_ws/install/mg400_interface:/root/ros2_ws/install/mg400_description:/root/ros2_ws/install/mg400_common:/root/ros2_ws/install/p9n_bringup:/root/ros2_ws/install/mg400_bringup:/root/ros2_ws/install/integration_package:/opt/ros/humble LD_LIBRARY_PATH=/root/ros2_ws/install/mg400_msgs/lib:/root/ros2_ws/install/p9n_test/lib:/root/ros2_ws/install/p9n_node/lib:/root/ros2_ws/install/p9n_example/lib:/root/ros2_ws/install/mg400_joy/lib:/root/ros2_ws/install/p9n_interface/lib:/root/ros2_ws/install/mg400_rviz_plugin/lib:/root/ros2_ws/install/mg400_node/lib:/root/ros2_ws/install/mg400_plugin/lib:/root/ros2_ws/install/mg400_interface/lib:/root/ros2_ws/install/mg400_common/lib:/opt/ros/humble/opt/rviz_ogre_vendor/lib:/opt/ros/humble/lib/aarch64-linux-gnu:/opt/ros/humble/lib /usr/bin/cmake --build /root/ros2_ws/build/ultrasonic_control -- -j4 -l4
