[01m[K/root/ros2_ws/src/ultrasonic_control/src/ultrasonic_control_node.cpp:[m[K In member function â€˜[01m[Kvoid ultrasonic_control::UltrasonicControlNode::update_motion()[m[Kâ€™:
[01m[K/root/ros2_ws/src/ultrasonic_control/src/ultrasonic_control_node.cpp:147:41:[m[K [01;31m[Kerror: [m[Kqualified-id in declaration before â€˜[01m[K([m[Kâ€™ token
  147 | void UltrasonicControlNode::enable_robot[01;31m[K([m[K) {
      |                                         [01;31m[K^[m[K
[01m[K/root/ros2_ws/src/ultrasonic_control/src/ultrasonic_control_node.cpp:170:42:[m[K [01;31m[Kerror: [m[Kqualified-id in declaration before â€˜[01m[K([m[Kâ€™ token
  170 | void UltrasonicControlNode::disable_robot[01;31m[K([m[K) {
      |                                          [01;31m[K^[m[K
[01m[K/root/ros2_ws/src/ultrasonic_control/src/ultrasonic_control_node.cpp:[m[K At global scope:
[01m[K/root/ros2_ws/src/ultrasonic_control/src/ultrasonic_control_node.cpp:200:2:[m[K [01;31m[Kerror: [m[Kexpected â€˜[01m[K}[m[Kâ€™ at end of input
  200 | }
      |  [01;31m[K^[m[K
[01m[K/root/ros2_ws/src/ultrasonic_control/src/ultrasonic_control_node.cpp:25:1:[m[K [01;36m[Knote: [m[Kto match this â€˜[01m[K{[m[Kâ€™
   25 | [01;36m[K{[m[K
      | [01;36m[K^[m[K
gmake[2]: *** [CMakeFiles/ultrasonic_control_node.dir/build.make:76: CMakeFiles/ultrasonic_control_node.dir/src/ultrasonic_control_node.cpp.o] Error 1
gmake[1]: *** [CMakeFiles/Makefile2:137: CMakeFiles/ultrasonic_control_node.dir/all] Error 2
gmake: *** [Makefile:146: all] Error 2
