[35m[1mConsolidate compiler generated dependencies of target ultrasonic_control_node[0m
[ 50%] [32mBuilding CXX object CMakeFiles/ultrasonic_control_node.dir/src/ultrasonic_control_node.cpp.o[0m
In file included from [01m[K/root/ros2_ws/src/ultrasonic_control/src/ultrasonic_control_node.cpp:15[m[K:
[01m[K/root/ros2_ws/src/ultrasonic_control/include/ultrasonic_control/ultrasonic_control_node.hpp:39:72:[m[K [01;31m[Kerror: [m[Kexpected â€˜[01m[K;[m[Kâ€™ at end of member declaration
   39 |     void robot_mode_callback(const std_msgs::msg::UInt64::SharedPtr msg[01;31m[K)[m[K
      |                                                                        [01;31m[K^[m[K
      |                                                                         [32m[K;[m[K
[01m[K/root/ros2_ws/src/ultrasonic_control/src/ultrasonic_control_node.cpp:[m[K In member function â€˜[01m[Kvoid ultrasonic_control::UltrasonicControlNode::update_motion()[m[Kâ€™:
[01m[K/root/ros2_ws/src/ultrasonic_control/src/ultrasonic_control_node.cpp:105:10:[m[K [01;31m[Kerror: [m[Kâ€˜[01m[Krobot_enabled_[m[Kâ€™ was not declared in this scope
  105 |     if (![01;31m[Krobot_enabled_[m[K) return;
      |          [01;31m[K^~~~~~~~~~~~~~[m[K
[01m[K/root/ros2_ws/src/ultrasonic_control/src/ultrasonic_control_node.cpp:[m[K In member function â€˜[01m[Kvoid ultrasonic_control::UltrasonicControlNode::enable_robot()[m[Kâ€™:
[01m[K/root/ros2_ws/src/ultrasonic_control/src/ultrasonic_control_node.cpp:148:9:[m[K [01;31m[Kerror: [m[Kâ€˜[01m[Krobot_enabled_[m[Kâ€™ was not declared in this scope
  148 |         [01;31m[Krobot_enabled_[m[K = true;
      |         [01;31m[K^~~~~~~~~~~~~~[m[K
[01m[K/root/ros2_ws/src/ultrasonic_control/src/ultrasonic_control_node.cpp:[m[K In member function â€˜[01m[Kvoid ultrasonic_control::UltrasonicControlNode::disable_robot()[m[Kâ€™:
[01m[K/root/ros2_ws/src/ultrasonic_control/src/ultrasonic_control_node.cpp:161:9:[m[K [01;31m[Kerror: [m[Kâ€˜[01m[Krobot_enabled_[m[Kâ€™ was not declared in this scope
  161 |         [01;31m[Krobot_enabled_[m[K = false;
      |         [01;31m[K^~~~~~~~~~~~~~[m[K
gmake[2]: *** [CMakeFiles/ultrasonic_control_node.dir/build.make:76: CMakeFiles/ultrasonic_control_node.dir/src/ultrasonic_control_node.cpp.o] Error 1
gmake[1]: *** [CMakeFiles/Makefile2:137: CMakeFiles/ultrasonic_control_node.dir/all] Error 2
gmake: *** [Makefile:146: all] Error 2
