[ 50%] [32mBuilding CXX object CMakeFiles/ultrasonic_control_node.dir/src/ultrasonic_control_node.cpp.o[0m
[01m[K/root/ros2_ws/src/ultrasonic_control/src/ultrasonic_control_node.cpp:[m[K In constructor â€˜[01m[Kultrasonic_control::UltrasonicControlNode::UltrasonicControlNode(const rclcpp::NodeOptions&)[m[Kâ€™:
[01m[K/root/ros2_ws/src/ultrasonic_control/src/ultrasonic_control_node.cpp:58:5:[m[K [01;31m[Kerror: [m[Kâ€˜[01m[Ksub_robot_mode_[m[Kâ€™ was not declared in this scope
   58 |     [01;31m[Ksub_robot_mode_[m[K = this->create_subscription<std_msgs::msg::UInt64>(
      |     [01;31m[K^~~~~~~~~~~~~~~[m[K
[01m[K/root/ros2_ws/src/ultrasonic_control/src/ultrasonic_control_node.cpp:60:43:[m[K [01;31m[Kerror: [m[Kâ€˜[01m[Krobot_mode_callback[m[Kâ€™ is not a member of â€˜[01m[Kultrasonic_control::UltrasonicControlNode[m[Kâ€™
   60 |         std::bind(&UltrasonicControlNode::[01;31m[Krobot_mode_callback[m[K, this, std::placeholders::_1));
      |                                           [01;31m[K^~~~~~~~~~~~~~~~~~~[m[K
[01m[K/root/ros2_ws/src/ultrasonic_control/src/ultrasonic_control_node.cpp:[m[K At global scope:
[01m[K/root/ros2_ws/src/ultrasonic_control/src/ultrasonic_control_node.cpp:82:6:[m[K [01;31m[Kerror: [m[Kno declaration matches â€˜[01m[Kvoid ultrasonic_control::UltrasonicControlNode::robot_mode_callback(std_msgs::msg::UInt64_<std::allocator<void> >::SharedPtr)[m[Kâ€™
   82 | void [01;31m[KUltrasonicControlNode[m[K::robot_mode_callback(const std_msgs::msg::UInt64::SharedPtr msg) {
      |      [01;31m[K^~~~~~~~~~~~~~~~~~~~~[m[K
[01m[K/root/ros2_ws/src/ultrasonic_control/src/ultrasonic_control_node.cpp:82:6:[m[K [01;36m[Knote: [m[Kno functions named â€˜[01m[Kvoid ultrasonic_control::UltrasonicControlNode::robot_mode_callback(std_msgs::msg::UInt64_<std::allocator<void> >::SharedPtr)[m[Kâ€™
In file included from [01m[K/root/ros2_ws/src/ultrasonic_control/src/ultrasonic_control_node.cpp:15[m[K:
[01m[K/root/ros2_ws/src/ultrasonic_control/include/ultrasonic_control/ultrasonic_control_node.hpp:17:7:[m[K [01;36m[Knote: [m[Kâ€˜[01m[Kclass ultrasonic_control::UltrasonicControlNode[m[Kâ€™ defined here
   17 | class [01;36m[KUltrasonicControlNode[m[K : public rclcpp::Node {
      |       [01;36m[K^~~~~~~~~~~~~~~~~~~~~[m[K
[01m[K/root/ros2_ws/src/ultrasonic_control/src/ultrasonic_control_node.cpp:[m[K In member function â€˜[01m[Kvoid ultrasonic_control::UltrasonicControlNode::update_motion()[m[Kâ€™:
[01m[K/root/ros2_ws/src/ultrasonic_control/src/ultrasonic_control_node.cpp:88:9:[m[K [01;31m[Kerror: [m[Kâ€˜[01m[Krobot_mode[m[Kâ€™ was not declared in this scope
   88 |     if ([01;31m[Krobot_mode[m[K == 4 || robot_mode == 5) {
      |         [01;31m[K^~~~~~~~~~[m[K
gmake[2]: *** [CMakeFiles/ultrasonic_control_node.dir/build.make:76: CMakeFiles/ultrasonic_control_node.dir/src/ultrasonic_control_node.cpp.o] Error 1
gmake[1]: *** [CMakeFiles/Makefile2:137: CMakeFiles/ultrasonic_control_node.dir/all] Error 2
gmake: *** [Makefile:146: all] Error 2
