[01m[K/root/ros2_ws/src/ultrasonic_control/src/ultrasonic_control_node.cpp:[m[K In lambda function:
[01m[K/root/ros2_ws/src/ultrasonic_control/src/ultrasonic_control_node.cpp:157:27:[m[K [01;31m[Kerror: [m[Kâ€˜[01m[Kusing element_type = struct mg400_msgs::srv::EnableRobot_Response_<std::allocator<void> >[m[Kâ€™ {aka â€˜[01m[Kstruct mg400_msgs::srv::EnableRobot_Response_<std::allocator<void> >[m[Kâ€™} has no member named â€˜[01m[Ksuccess[m[Kâ€™
  157 |             if (response->[01;31m[Ksuccess[m[K) {  // Hier den Erfolg abfragen, z.B. response->success
      |                           [01;31m[K^~~~~~~[m[K
gmake[2]: *** [CMakeFiles/ultrasonic_control_node.dir/build.make:76: CMakeFiles/ultrasonic_control_node.dir/src/ultrasonic_control_node.cpp.o] Error 1
gmake[1]: *** [CMakeFiles/Makefile2:137: CMakeFiles/ultrasonic_control_node.dir/all] Error 2
gmake: *** [Makefile:146: all] Error 2
