-- The C compiler identification is GNU 11.4.0
-- The CXX compiler identification is GNU 11.4.0
-- Detecting C compiler ABI info
-- Detecting C compiler ABI info - done
-- Check for working C compiler: /usr/bin/cc - skipped
-- Detecting C compile features
-- Detecting C compile features - done
-- Detecting CXX compiler ABI info
-- Detecting CXX compiler ABI info - done
-- Check for working CXX compiler: /usr/bin/c++ - skipped
-- Detecting CXX compile features
-- Detecting CXX compile features - done
-- Found ament_cmake: 1.3.11 (/opt/ros/humble/share/ament_cmake/cmake)
-- Found Python3: /usr/bin/python3 (found version "3.10.12") found components: Interpreter 
-- Override CMake install command with custom implementation using symlinks instead of copying resources
-- Found rclcpp: 16.0.11 (/opt/ros/humble/share/rclcpp/cmake)
-- Found rosidl_generator_c: 3.1.6 (/opt/ros/humble/share/rosidl_generator_c/cmake)
-- Found rosidl_adapter: 3.1.6 (/opt/ros/humble/share/rosidl_adapter/cmake)
-- Found rosidl_generator_cpp: 3.1.6 (/opt/ros/humble/share/rosidl_generator_cpp/cmake)
-- Using all available rosidl_typesupport_c: rosidl_typesupport_fastrtps_c;rosidl_typesupport_introspection_c
-- Using all available rosidl_typesupport_cpp: rosidl_typesupport_fastrtps_cpp;rosidl_typesupport_introspection_cpp
-- Found rmw_implementation_cmake: 6.1.2 (/opt/ros/humble/share/rmw_implementation_cmake/cmake)
-- Found rmw_fastrtps_cpp: 6.2.7 (/opt/ros/humble/share/rmw_fastrtps_cpp/cmake)
-- Found OpenSSL: /usr/lib/aarch64-linux-gnu/libcrypto.so (found version "3.0.2")  
-- Found FastRTPS: /opt/ros/humble/include  
-- Using RMW implementation 'rmw_fastrtps_cpp' as default
-- Looking for pthread.h
-- Looking for pthread.h - found
-- Performing Test CMAKE_HAVE_LIBC_PTHREAD
-- Performing Test CMAKE_HAVE_LIBC_PTHREAD - Success
-- Found Threads: TRUE  
-- Found mg400_msgs: 1.3.3 (/root/ros2_ws/install/mg400_msgs/share/mg400_msgs/cmake)
-- Found std_srvs: 4.2.4 (/opt/ros/humble/share/std_srvs/cmake)
-- Found mqtt_bridge: 0.0.1 (/root/ros2_ws/install/mqtt_bridge/share/mqtt_bridge/cmake)
-- Configuring done
-- Generating done
-- Build files have been written to: /root/ros2_ws/build/ultrasonic_control
[ 50%] [32mBuilding CXX object CMakeFiles/ultrasonic_control_node.dir/src/ultrasonic_control_node.cpp.o[0m
[01m[K/root/ros2_ws/src/ultrasonic_control/src/ultrasonic_control_node.cpp:[m[K In constructor â€˜[01m[Kultrasonic_control::UltrasonicControlNode::UltrasonicControlNode(const rclcpp::NodeOptions&)[m[Kâ€™:
[01m[K/root/ros2_ws/src/ultrasonic_control/src/ultrasonic_control_node.cpp:54:5:[m[K [01;31m[Kerror: [m[Kâ€˜[01m[Ksub_mode_[m[Kâ€™ was not declared in this scope
   54 |     [01;31m[Ksub_mode_[m[K = this->create_subs
      |     [01;31m[K^~~~~~~~~[m[K
[01m[K/root/ros2_ws/src/ultrasonic_control/src/ultrasonic_control_node.cpp:54:23:[m[K [01;31m[Kerror: [m[Kâ€˜[01m[Kclass ultrasonic_control::UltrasonicControlNode[m[Kâ€™ has no member named â€˜[01m[Kcreate_subs[m[Kâ€™; did you mean â€˜[01m[Kcreate_sub_node[m[Kâ€™?
   54 |     sub_mode_ = this->[01;31m[Kcreate_subs[m[K
      |                       [01;31m[K^~~~~~~~~~~[m[K
      |                       [32m[Kcreate_sub_node[m[K
[01m[K/root/ros2_ws/src/ultrasonic_control/src/ultrasonic_control_node.cpp:[m[K At global scope:
[01m[K/root/ros2_ws/src/ultrasonic_control/src/ultrasonic_control_node.cpp:81:70:[m[K [01;31m[Kerror: [m[Kâ€˜[01m[KUint64[m[Kâ€™ in namespace â€˜[01m[Kstd_msgs::msg[m[Kâ€™ does not name a type
   81 | void UltrasonicControlNode::robot_mode_callback(const std_msgs::msg::[01;31m[KUint64[m[K::SharedPtr msg) {
      |                                                                      [01;31m[K^~~~~~[m[K
[01m[K/root/ros2_ws/src/ultrasonic_control/src/ultrasonic_control_node.cpp:81:88:[m[K [01;31m[Kerror: [m[Kexpected unqualified-id before â€˜[01m[Kmsg[m[Kâ€™
   81 | void UltrasonicControlNode::robot_mode_callback(const std_msgs::msg::Uint64::SharedPtr [01;31m[Kmsg[m[K) {
      |                                                                                        [01;31m[K^~~[m[K
[01m[K/root/ros2_ws/src/ultrasonic_control/src/ultrasonic_control_node.cpp:81:87:[m[K [01;31m[Kerror: [m[Kexpected â€˜[01m[K)[m[Kâ€™ before â€˜[01m[Kmsg[m[Kâ€™
   81 | void UltrasonicControlNode::robot_mode_callback[34m[K([m[Kconst std_msgs::msg::Uint64::SharedPtr[01;31m[K [m[K[32m[Kmsg[m[K) {
      |                                                [34m[K~[m[K                                      [01;31m[K^[m[K[32m[K~~~[m[K
      |                                                                                       [32m[K)[m[K
[01m[K/root/ros2_ws/src/ultrasonic_control/src/ultrasonic_control_node.cpp:81:88:[m[K [01;31m[Kerror: [m[Kexpected initializer before â€˜[01m[Kmsg[m[Kâ€™
   81 | void UltrasonicControlNode::robot_mode_callback(const std_msgs::msg::Uint64::SharedPtr [01;31m[Kmsg[m[K) {
      |                                                                                        [01;31m[K^~~[m[K
[01m[K/root/ros2_ws/src/ultrasonic_control/src/ultrasonic_control_node.cpp:[m[K In member function â€˜[01m[Kvoid ultrasonic_control::UltrasonicControlNode::update_motion()[m[Kâ€™:
[01m[K/root/ros2_ws/src/ultrasonic_control/src/ultrasonic_control_node.cpp:87:9:[m[K [01;31m[Kerror: [m[Kâ€˜[01m[Krobot_mode[m[Kâ€™ was not declared in this scope
   87 |     if ([01;31m[Krobot_mode[m[K == 4 || robot_mode == 5) {
      |         [01;31m[K^~~~~~~~~~[m[K
gmake[2]: *** [CMakeFiles/ultrasonic_control_node.dir/build.make:76: CMakeFiles/ultrasonic_control_node.dir/src/ultrasonic_control_node.cpp.o] Error 1
gmake[1]: *** [CMakeFiles/Makefile2:137: CMakeFiles/ultrasonic_control_node.dir/all] Error 2
gmake: *** [Makefile:146: all] Error 2
