[0.020s] Invoking command in '/root/ros2_ws/build/ultrasonic_control': CMAKE_PREFIX_PATH=/root/ros2_ws/install/mqtt_bridge:/root/ros2_ws/install/mg400_msgs:/root/ros2_ws/install/ultrasonic_control:/root/ros2_ws/install/sllidar_ros2:/root/ros2_ws/install/p9n:/root/ros2_ws/install/p9n_test:/root/ros2_ws/install/p9n_node:/root/ros2_ws/install/p9n_example:/root/ros2_ws/install/mg400:/root/ros2_ws/install/mg400_joy:/root/ros2_ws/install/p9n_interface:/root/ros2_ws/install/mg400_rviz_plugin:/root/ros2_ws/install/mg400_node:/root/ros2_ws/install/mg400_plugin:/root/ros2_ws/install/mg400_plugin_base:/root/ros2_ws/install/mg400_interface:/root/ros2_ws/install/mg400_description:/root/ros2_ws/install/mg400_common:/root/ros2_ws/install/p9n_bringup:/root/ros2_ws/install/mg400_bringup:/root/ros2_ws/install/integration_package:/opt/ros/humble LD_LIBRARY_PATH=/root/ros2_ws/install/mg400_msgs/lib:/root/ros2_ws/install/p9n_test/lib:/root/ros2_ws/install/p9n_node/lib:/root/ros2_ws/install/p9n_example/lib:/root/ros2_ws/install/mg400_joy/lib:/root/ros2_ws/install/p9n_interface/lib:/root/ros2_ws/install/mg400_rviz_plugin/lib:/root/ros2_ws/install/mg400_node/lib:/root/ros2_ws/install/mg400_plugin/lib:/root/ros2_ws/install/mg400_interface/lib:/root/ros2_ws/install/mg400_common/lib:/opt/ros/humble/opt/rviz_ogre_vendor/lib:/opt/ros/humble/lib/aarch64-linux-gnu:/opt/ros/humble/lib /usr/bin/cmake /root/ros2_ws/src/ultrasonic_control -DAMENT_CMAKE_SYMLINK_INSTALL=1 -DCMAKE_INSTALL_PREFIX=/root/ros2_ws/install/ultrasonic_control
[0.126s] -- The C compiler identification is GNU 11.4.0
[0.226s] -- The CXX compiler identification is GNU 11.4.0
[0.238s] -- Detecting C compiler ABI info
[0.371s] -- Detecting C compiler ABI info - done
[0.384s] -- Check for working C compiler: /usr/bin/cc - skipped
[0.385s] -- Detecting C compile features
[0.385s] -- Detecting C compile features - done
[0.389s] -- Detecting CXX compiler ABI info
[0.544s] -- Detecting CXX compiler ABI info - done
[0.555s] -- Check for working CXX compiler: /usr/bin/c++ - skipped
[0.555s] -- Detecting CXX compile features
[0.556s] -- Detecting CXX compile features - done
[0.562s] -- Found ament_cmake: 1.3.11 (/opt/ros/humble/share/ament_cmake/cmake)
[0.842s] -- Found Python3: /usr/bin/python3 (found version "3.10.12") found components: Interpreter 
[0.945s] -- Override CMake install command with custom implementation using symlinks instead of copying resources
[1.028s] -- Found rclcpp: 16.0.11 (/opt/ros/humble/share/rclcpp/cmake)
[1.120s] -- Found rosidl_generator_c: 3.1.6 (/opt/ros/humble/share/rosidl_generator_c/cmake)
[1.132s] -- Found rosidl_adapter: 3.1.6 (/opt/ros/humble/share/rosidl_adapter/cmake)
[1.150s] -- Found rosidl_generator_cpp: 3.1.6 (/opt/ros/humble/share/rosidl_generator_cpp/cmake)
[1.174s] -- Using all available rosidl_typesupport_c: rosidl_typesupport_fastrtps_c;rosidl_typesupport_introspection_c
[1.206s] -- Using all available rosidl_typesupport_cpp: rosidl_typesupport_fastrtps_cpp;rosidl_typesupport_introspection_cpp
[1.298s] -- Found rmw_implementation_cmake: 6.1.2 (/opt/ros/humble/share/rmw_implementation_cmake/cmake)
[1.306s] -- Found rmw_fastrtps_cpp: 6.2.7 (/opt/ros/humble/share/rmw_fastrtps_cpp/cmake)
[1.495s] -- Found OpenSSL: /usr/lib/aarch64-linux-gnu/libcrypto.so (found version "3.0.2")  
[1.545s] -- Found FastRTPS: /opt/ros/humble/include  
[1.622s] -- Using RMW implementation 'rmw_fastrtps_cpp' as default
[1.649s] -- Looking for pthread.h
[1.986s] -- Looking for pthread.h - found
[1.986s] -- Performing Test CMAKE_HAVE_LIBC_PTHREAD
[2.128s] -- Performing Test CMAKE_HAVE_LIBC_PTHREAD - Success
[2.128s] -- Found Threads: TRUE  
[2.215s] -- Found mg400_msgs: 1.3.3 (/root/ros2_ws/install/mg400_msgs/share/mg400_msgs/cmake)
[2.320s] -- Found std_srvs: 4.2.4 (/opt/ros/humble/share/std_srvs/cmake)
[2.333s] -- Found mqtt_bridge: 0.0.1 (/root/ros2_ws/install/mqtt_bridge/share/mqtt_bridge/cmake)
[2.444s] -- Configuring done
[2.461s] -- Generating done
[2.467s] -- Build files have been written to: /root/ros2_ws/build/ultrasonic_control
[2.484s] Invoked command in '/root/ros2_ws/build/ultrasonic_control' returned '0': CMAKE_PREFIX_PATH=/root/ros2_ws/install/mqtt_bridge:/root/ros2_ws/install/mg400_msgs:/root/ros2_ws/install/ultrasonic_control:/root/ros2_ws/install/sllidar_ros2:/root/ros2_ws/install/p9n:/root/ros2_ws/install/p9n_test:/root/ros2_ws/install/p9n_node:/root/ros2_ws/install/p9n_example:/root/ros2_ws/install/mg400:/root/ros2_ws/install/mg400_joy:/root/ros2_ws/install/p9n_interface:/root/ros2_ws/install/mg400_rviz_plugin:/root/ros2_ws/install/mg400_node:/root/ros2_ws/install/mg400_plugin:/root/ros2_ws/install/mg400_plugin_base:/root/ros2_ws/install/mg400_interface:/root/ros2_ws/install/mg400_description:/root/ros2_ws/install/mg400_common:/root/ros2_ws/install/p9n_bringup:/root/ros2_ws/install/mg400_bringup:/root/ros2_ws/install/integration_package:/opt/ros/humble LD_LIBRARY_PATH=/root/ros2_ws/install/mg400_msgs/lib:/root/ros2_ws/install/p9n_test/lib:/root/ros2_ws/install/p9n_node/lib:/root/ros2_ws/install/p9n_example/lib:/root/ros2_ws/install/mg400_joy/lib:/root/ros2_ws/install/p9n_interface/lib:/root/ros2_ws/install/mg400_rviz_plugin/lib:/root/ros2_ws/install/mg400_node/lib:/root/ros2_ws/install/mg400_plugin/lib:/root/ros2_ws/install/mg400_interface/lib:/root/ros2_ws/install/mg400_common/lib:/opt/ros/humble/opt/rviz_ogre_vendor/lib:/opt/ros/humble/lib/aarch64-linux-gnu:/opt/ros/humble/lib /usr/bin/cmake /root/ros2_ws/src/ultrasonic_control -DAMENT_CMAKE_SYMLINK_INSTALL=1 -DCMAKE_INSTALL_PREFIX=/root/ros2_ws/install/ultrasonic_control
[2.486s] Invoking command in '/root/ros2_ws/build/ultrasonic_control': CMAKE_PREFIX_PATH=/root/ros2_ws/install/mqtt_bridge:/root/ros2_ws/install/mg400_msgs:/root/ros2_ws/install/ultrasonic_control:/root/ros2_ws/install/sllidar_ros2:/root/ros2_ws/install/p9n:/root/ros2_ws/install/p9n_test:/root/ros2_ws/install/p9n_node:/root/ros2_ws/install/p9n_example:/root/ros2_ws/install/mg400:/root/ros2_ws/install/mg400_joy:/root/ros2_ws/install/p9n_interface:/root/ros2_ws/install/mg400_rviz_plugin:/root/ros2_ws/install/mg400_node:/root/ros2_ws/install/mg400_plugin:/root/ros2_ws/install/mg400_plugin_base:/root/ros2_ws/install/mg400_interface:/root/ros2_ws/install/mg400_description:/root/ros2_ws/install/mg400_common:/root/ros2_ws/install/p9n_bringup:/root/ros2_ws/install/mg400_bringup:/root/ros2_ws/install/integration_package:/opt/ros/humble LD_LIBRARY_PATH=/root/ros2_ws/install/mg400_msgs/lib:/root/ros2_ws/install/p9n_test/lib:/root/ros2_ws/install/p9n_node/lib:/root/ros2_ws/install/p9n_example/lib:/root/ros2_ws/install/mg400_joy/lib:/root/ros2_ws/install/p9n_interface/lib:/root/ros2_ws/install/mg400_rviz_plugin/lib:/root/ros2_ws/install/mg400_node/lib:/root/ros2_ws/install/mg400_plugin/lib:/root/ros2_ws/install/mg400_interface/lib:/root/ros2_ws/install/mg400_common/lib:/opt/ros/humble/opt/rviz_ogre_vendor/lib:/opt/ros/humble/lib/aarch64-linux-gnu:/opt/ros/humble/lib /usr/bin/cmake --build /root/ros2_ws/build/ultrasonic_control -- -j4 -l4
[2.588s] [ 50%] [32mBuilding CXX object CMakeFiles/ultrasonic_control_node.dir/src/ultrasonic_control_node.cpp.o[0m
[6.472s] [01m[K/root/ros2_ws/src/ultrasonic_control/src/ultrasonic_control_node.cpp:[m[K In constructor â€˜[01m[Kultrasonic_control::UltrasonicControlNode::UltrasonicControlNode(const rclcpp::NodeOptions&)[m[Kâ€™:
[6.472s] [01m[K/root/ros2_ws/src/ultrasonic_control/src/ultrasonic_control_node.cpp:54:5:[m[K [01;31m[Kerror: [m[Kâ€˜[01m[Ksub_mode_[m[Kâ€™ was not declared in this scope
[6.472s]    54 |     [01;31m[Ksub_mode_[m[K = this->create_subs
[6.472s]       |     [01;31m[K^~~~~~~~~[m[K
[6.472s] [01m[K/root/ros2_ws/src/ultrasonic_control/src/ultrasonic_control_node.cpp:54:23:[m[K [01;31m[Kerror: [m[Kâ€˜[01m[Kclass ultrasonic_control::UltrasonicControlNode[m[Kâ€™ has no member named â€˜[01m[Kcreate_subs[m[Kâ€™; did you mean â€˜[01m[Kcreate_sub_node[m[Kâ€™?
[6.472s]    54 |     sub_mode_ = this->[01;31m[Kcreate_subs[m[K
[6.472s]       |                       [01;31m[K^~~~~~~~~~~[m[K
[6.472s]       |                       [32m[Kcreate_sub_node[m[K
[6.475s] [01m[K/root/ros2_ws/src/ultrasonic_control/src/ultrasonic_control_node.cpp:[m[K At global scope:
[6.475s] [01m[K/root/ros2_ws/src/ultrasonic_control/src/ultrasonic_control_node.cpp:81:70:[m[K [01;31m[Kerror: [m[Kâ€˜[01m[KUint64[m[Kâ€™ in namespace â€˜[01m[Kstd_msgs::msg[m[Kâ€™ does not name a type
[6.475s]    81 | void UltrasonicControlNode::robot_mode_callback(const std_msgs::msg::[01;31m[KUint64[m[K::SharedPtr msg) {
[6.475s]       |                                                                      [01;31m[K^~~~~~[m[K
[6.475s] [01m[K/root/ros2_ws/src/ultrasonic_control/src/ultrasonic_control_node.cpp:81:88:[m[K [01;31m[Kerror: [m[Kexpected unqualified-id before â€˜[01m[Kmsg[m[Kâ€™
[6.475s]    81 | void UltrasonicControlNode::robot_mode_callback(const std_msgs::msg::Uint64::SharedPtr [01;31m[Kmsg[m[K) {
[6.475s]       |                                                                                        [01;31m[K^~~[m[K
[6.476s] [01m[K/root/ros2_ws/src/ultrasonic_control/src/ultrasonic_control_node.cpp:81:87:[m[K [01;31m[Kerror: [m[Kexpected â€˜[01m[K)[m[Kâ€™ before â€˜[01m[Kmsg[m[Kâ€™
[6.476s]    81 | void UltrasonicControlNode::robot_mode_callback[34m[K([m[Kconst std_msgs::msg::Uint64::SharedPtr[01;31m[K [m[K[32m[Kmsg[m[K) {
[6.476s]       |                                                [34m[K~[m[K                                      [01;31m[K^[m[K[32m[K~~~[m[K
[6.476s]       |                                                                                       [32m[K)[m[K
[6.476s] [01m[K/root/ros2_ws/src/ultrasonic_control/src/ultrasonic_control_node.cpp:81:88:[m[K [01;31m[Kerror: [m[Kexpected initializer before â€˜[01m[Kmsg[m[Kâ€™
[6.476s]    81 | void UltrasonicControlNode::robot_mode_callback(const std_msgs::msg::Uint64::SharedPtr [01;31m[Kmsg[m[K) {
[6.476s]       |                                                                                        [01;31m[K^~~[m[K
[6.484s] [01m[K/root/ros2_ws/src/ultrasonic_control/src/ultrasonic_control_node.cpp:[m[K In member function â€˜[01m[Kvoid ultrasonic_control::UltrasonicControlNode::update_motion()[m[Kâ€™:
[6.484s] [01m[K/root/ros2_ws/src/ultrasonic_control/src/ultrasonic_control_node.cpp:87:9:[m[K [01;31m[Kerror: [m[Kâ€˜[01m[Krobot_mode[m[Kâ€™ was not declared in this scope
[6.484s]    87 |     if ([01;31m[Krobot_mode[m[K == 4 || robot_mode == 5) {
[6.484s]       |         [01;31m[K^~~~~~~~~~[m[K
[10.790s] gmake[2]: *** [CMakeFiles/ultrasonic_control_node.dir/build.make:76: CMakeFiles/ultrasonic_control_node.dir/src/ultrasonic_control_node.cpp.o] Error 1
[10.790s] gmake[1]: *** [CMakeFiles/Makefile2:137: CMakeFiles/ultrasonic_control_node.dir/all] Error 2
[10.791s] gmake: *** [Makefile:146: all] Error 2
[10.793s] Invoked command in '/root/ros2_ws/build/ultrasonic_control' returned '2': CMAKE_PREFIX_PATH=/root/ros2_ws/install/mqtt_bridge:/root/ros2_ws/install/mg400_msgs:/root/ros2_ws/install/ultrasonic_control:/root/ros2_ws/install/sllidar_ros2:/root/ros2_ws/install/p9n:/root/ros2_ws/install/p9n_test:/root/ros2_ws/install/p9n_node:/root/ros2_ws/install/p9n_example:/root/ros2_ws/install/mg400:/root/ros2_ws/install/mg400_joy:/root/ros2_ws/install/p9n_interface:/root/ros2_ws/install/mg400_rviz_plugin:/root/ros2_ws/install/mg400_node:/root/ros2_ws/install/mg400_plugin:/root/ros2_ws/install/mg400_plugin_base:/root/ros2_ws/install/mg400_interface:/root/ros2_ws/install/mg400_description:/root/ros2_ws/install/mg400_common:/root/ros2_ws/install/p9n_bringup:/root/ros2_ws/install/mg400_bringup:/root/ros2_ws/install/integration_package:/opt/ros/humble LD_LIBRARY_PATH=/root/ros2_ws/install/mg400_msgs/lib:/root/ros2_ws/install/p9n_test/lib:/root/ros2_ws/install/p9n_node/lib:/root/ros2_ws/install/p9n_example/lib:/root/ros2_ws/install/mg400_joy/lib:/root/ros2_ws/install/p9n_interface/lib:/root/ros2_ws/install/mg400_rviz_plugin/lib:/root/ros2_ws/install/mg400_node/lib:/root/ros2_ws/install/mg400_plugin/lib:/root/ros2_ws/install/mg400_interface/lib:/root/ros2_ws/install/mg400_common/lib:/opt/ros/humble/opt/rviz_ogre_vendor/lib:/opt/ros/humble/lib/aarch64-linux-gnu:/opt/ros/humble/lib /usr/bin/cmake --build /root/ros2_ws/build/ultrasonic_control -- -j4 -l4
