[0.024s] Invoking command in '/root/ros2_ws/build/ultrasonic_control': CMAKE_PREFIX_PATH=/root/ros2_ws/install/mqtt_bridge:/root/ros2_ws/install/mg400_msgs:/root/ros2_ws/install/ultrasonic_control:/root/ros2_ws/install/sllidar_ros2:/root/ros2_ws/install/p9n:/root/ros2_ws/install/p9n_test:/root/ros2_ws/install/p9n_node:/root/ros2_ws/install/p9n_example:/root/ros2_ws/install/mg400:/root/ros2_ws/install/mg400_joy:/root/ros2_ws/install/p9n_interface:/root/ros2_ws/install/mg400_rviz_plugin:/root/ros2_ws/install/mg400_node:/root/ros2_ws/install/mg400_plugin:/root/ros2_ws/install/mg400_plugin_base:/root/ros2_ws/install/mg400_interface:/root/ros2_ws/install/mg400_description:/root/ros2_ws/install/mg400_common:/root/ros2_ws/install/p9n_bringup:/root/ros2_ws/install/mg400_bringup:/root/ros2_ws/install/integration_package:/opt/ros/humble LD_LIBRARY_PATH=/root/ros2_ws/install/mg400_msgs/lib:/root/ros2_ws/install/p9n_test/lib:/root/ros2_ws/install/p9n_node/lib:/root/ros2_ws/install/p9n_example/lib:/root/ros2_ws/install/mg400_joy/lib:/root/ros2_ws/install/p9n_interface/lib:/root/ros2_ws/install/mg400_rviz_plugin/lib:/root/ros2_ws/install/mg400_node/lib:/root/ros2_ws/install/mg400_plugin/lib:/root/ros2_ws/install/mg400_interface/lib:/root/ros2_ws/install/mg400_common/lib:/opt/ros/humble/opt/rviz_ogre_vendor/lib:/opt/ros/humble/lib/aarch64-linux-gnu:/opt/ros/humble/lib /usr/bin/cmake --build /root/ros2_ws/build/ultrasonic_control -- -j4 -l4
[0.131s] [ 50%] [32mBuilding CXX object CMakeFiles/ultrasonic_control_node.dir/src/ultrasonic_control_node.cpp.o[0m
[0.515s] In file included from [01m[K/root/ros2_ws/src/ultrasonic_control/src/ultrasonic_control_node.cpp:15[m[K:
[0.516s] [01m[K/root/ros2_ws/src/ultrasonic_control/include/ultrasonic_control/ultrasonic_control_node.hpp:11:10:[m[K [01;31m[Kfatal error: [m[Kstd_msgs/msg/UInt64.hpp: No such file or directory
[0.516s]    11 | #include [01;31m[K"std_msgs/msg/UInt64.hpp"[m[K
[0.516s]       |          [01;31m[K^~~~~~~~~~~~~~~~~~~~~~~~~[m[K
[0.516s] compilation terminated.
[0.521s] gmake[2]: *** [CMakeFiles/ultrasonic_control_node.dir/build.make:76: CMakeFiles/ultrasonic_control_node.dir/src/ultrasonic_control_node.cpp.o] Error 1
[0.521s] gmake[1]: *** [CMakeFiles/Makefile2:137: CMakeFiles/ultrasonic_control_node.dir/all] Error 2
[0.522s] gmake: *** [Makefile:146: all] Error 2
[0.525s] Invoked command in '/root/ros2_ws/build/ultrasonic_control' returned '2': CMAKE_PREFIX_PATH=/root/ros2_ws/install/mqtt_bridge:/root/ros2_ws/install/mg400_msgs:/root/ros2_ws/install/ultrasonic_control:/root/ros2_ws/install/sllidar_ros2:/root/ros2_ws/install/p9n:/root/ros2_ws/install/p9n_test:/root/ros2_ws/install/p9n_node:/root/ros2_ws/install/p9n_example:/root/ros2_ws/install/mg400:/root/ros2_ws/install/mg400_joy:/root/ros2_ws/install/p9n_interface:/root/ros2_ws/install/mg400_rviz_plugin:/root/ros2_ws/install/mg400_node:/root/ros2_ws/install/mg400_plugin:/root/ros2_ws/install/mg400_plugin_base:/root/ros2_ws/install/mg400_interface:/root/ros2_ws/install/mg400_description:/root/ros2_ws/install/mg400_common:/root/ros2_ws/install/p9n_bringup:/root/ros2_ws/install/mg400_bringup:/root/ros2_ws/install/integration_package:/opt/ros/humble LD_LIBRARY_PATH=/root/ros2_ws/install/mg400_msgs/lib:/root/ros2_ws/install/p9n_test/lib:/root/ros2_ws/install/p9n_node/lib:/root/ros2_ws/install/p9n_example/lib:/root/ros2_ws/install/mg400_joy/lib:/root/ros2_ws/install/p9n_interface/lib:/root/ros2_ws/install/mg400_rviz_plugin/lib:/root/ros2_ws/install/mg400_node/lib:/root/ros2_ws/install/mg400_plugin/lib:/root/ros2_ws/install/mg400_interface/lib:/root/ros2_ws/install/mg400_common/lib:/opt/ros/humble/opt/rviz_ogre_vendor/lib:/opt/ros/humble/lib/aarch64-linux-gnu:/opt/ros/humble/lib /usr/bin/cmake --build /root/ros2_ws/build/ultrasonic_control -- -j4 -l4
